#
# There is insufficient memory for the Java Runtime Environment to continue.
# Native memory allocation (malloc) failed to allocate 263776 bytes for Chunk::new
# Possible reasons:
#   The system is out of physical RAM or swap space
#   In 32 bit mode, the process size limit was hit
# Possible solutions:
#   Reduce memory load on the system
#   Increase physical memory or swap space
#   Check if swap backing store is full
#   Use 64 bit Java on a 64 bit OS
#   Decrease Java heap size (-Xmx/-Xms)
#   Decrease number of Java threads
#   Decrease Java thread stack sizes (-Xss)
#   Set larger code cache with -XX:ReservedCodeCacheSize=
# This output file may be truncated or incomplete.
#
#  Out of Memory Error (allocation.cpp:323), pid=5176, tid=10912
#
# JRE version: Java(TM) SE Runtime Environment (7.0_51-b13) (build 1.7.0_51-b13)
# Java VM: Java HotSpot(TM) 64-Bit Server VM (24.51-b03 mixed mode windows-amd64 compressed oops)
# Failed to write core dump. Minidumps are not enabled by default on client versions of Windows
#

---------------  T H R E A D  ---------------

Current thread (0x0000000008715800):  JavaThread "C2 CompilerThread1" daemon [_thread_in_native, id=10912, stack(0x0000000009d90000,0x0000000009e90000)]

Stack: [0x0000000009d90000,0x0000000009e90000]
[error occurred during error reporting (printing stack bounds), id 0xc0000005]


[error occurred during error reporting (printing native stack), id 0xc0000005]


Current CompileTask:
C2:  28022  534 %           sun.misc.URLClassPath::getResource @ 39 (74 bytes)


---------------  P R O C E S S  ---------------

Java Threads: ( => current thread )
  0x000000000a1ac800 JavaThread "File lock request listener" [_thread_in_native, id=7520, stack(0x000000000c880000,0x000000000c980000)]
  0x000000000aa8f000 JavaThread "Stdin handler" [_thread_blocked, id=7000, stack(0x000000000c780000,0x000000000c880000)]
  0x000000000a978800 JavaThread "Daemon worker" [_thread_in_native, id=9408, stack(0x000000000c680000,0x000000000c780000)]
  0x000000000aaef000 JavaThread "Cancel handler" [_thread_blocked, id=988, stack(0x000000000c580000,0x000000000c680000)]
  0x000000000ab07000 JavaThread "Handler for socket connection from /127.0.0.1:16728 to /127.0.0.1:16730" [_thread_in_native, id=10184, stack(0x000000000c480000,0x000000000c580000)]
  0x000000000ab06000 JavaThread "Daemon" [_thread_blocked, id=7052, stack(0x000000000c380000,0x000000000c480000)]
  0x000000000a3d6000 JavaThread "Incoming local TCP Connector on port 16728" [_thread_in_native, id=11052, stack(0x000000000c180000,0x000000000c280000)]
  0x0000000008718800 JavaThread "Service Thread" daemon [_thread_blocked, id=2164, stack(0x0000000009e90000,0x0000000009f90000)]
=>0x0000000008715800 JavaThread "C2 CompilerThread1" daemon [_thread_in_native, id=10912, stack(0x0000000009d90000,0x0000000009e90000)]
  0x0000000008714000 JavaThread "C2 CompilerThread0" daemon [_thread_blocked, id=3108, stack(0x0000000009c90000,0x0000000009d90000)]
  0x0000000008712800 JavaThread "Attach Listener" daemon [_thread_blocked, id=10592, stack(0x0000000009b90000,0x0000000009c90000)]
  0x000000000870f800 JavaThread "Signal Dispatcher" daemon [_thread_blocked, id=4136, stack(0x0000000009a90000,0x0000000009b90000)]
  0x00000000086d8800 JavaThread "Finalizer" daemon [_thread_blocked, id=7332, stack(0x0000000009990000,0x0000000009a90000)]
  0x00000000086d3000 JavaThread "Reference Handler" daemon [_thread_blocked, id=5704, stack(0x0000000009890000,0x0000000009990000)]
  0x0000000002220800 JavaThread "main" [_thread_blocked, id=944, stack(0x0000000002030000,0x0000000002130000)]

Other Threads:
  0x00000000086d1000 VMThread [stack: 0x0000000009790000,0x0000000009890000] [id=4644]
  0x000000000871f000 WatcherThread [stack: 0x0000000009f90000,0x000000000a090000] [id=76]

VM state:not at safepoint (normal execution)

VM Mutex/Monitor currently owned by a thread: None

Heap
 PSYoungGen      total 31232K, used 4390K [0x00000000eaa80000, 0x00000000ed700000, 0x0000000100000000)
  eden space 29184K, 8% used [0x00000000eaa80000,0x00000000eaccf0a0,0x00000000ec700000)
  from space 2048K, 98% used [0x00000000ec780000,0x00000000ec97a840,0x00000000ec980000)
  to   space 8192K, 0% used [0x00000000ecf00000,0x00000000ecf00000,0x00000000ed700000)
 ParOldGen       total 37376K, used 27155K [0x00000000c0000000, 0x00000000c2480000, 0x00000000eaa80000)
  object space 37376K, 72% used [0x00000000c0000000,0x00000000c1a84ec0,0x00000000c2480000)
 PSPermGen       total 29696K, used 29377K [0x00000000b0000000, 0x00000000b1d00000, 0x00000000c0000000)
  object space 29696K, 98% used [0x00000000b0000000,0x00000000b1cb06c8,0x00000000b1d00000)

Card table byte_map: [0x0000000005320000,0x00000000055b0000] byte_map_base: 0x0000000004da0000

Polling page: 0x0000000000520000

Code Cache  [0x0000000002320000, 0x00000000025e0000, 0x0000000005320000)
 total_blobs=1079 nmethods=501 adapters=531 free_code_cache=46421Kb largest_free_block=47471808

Compilation events (10 events):
Event: 27.635 Thread 0x0000000008714000 nmethod 528 0x00000000025bfe50 code [0x00000000025bffc0, 0x00000000025c0328]
Event: 27.663 Thread 0x0000000008715800  529             org.codehaus.groovy.runtime.metaclass.MetaMethodIndex::copyNonPrivateNonNewMetaMethods (171 bytes)
Event: 27.675 Thread 0x0000000008714000  530             groovy.lang.MetaClassImpl::applyStrayPropertyMethods (232 bytes)
Event: 27.678 Thread 0x0000000008715800 nmethod 529 0x00000000025c5490 code [0x00000000025c5620, 0x00000000025c59b0]
Event: 27.685 Thread 0x0000000008715800  531             groovyjarjarasm.asm.Type::getArgumentsAndReturnSizes (151 bytes)
Event: 27.704 Thread 0x0000000008715800 nmethod 531 0x00000000023e4850 code [0x00000000023e49a0, 0x00000000023e4d58]
Event: 27.818 Thread 0x0000000008715800  532             java.lang.ref.WeakReference::<init> (7 bytes)
Event: 27.820 Thread 0x0000000008715800 nmethod 532 0x00000000025bfc10 code [0x00000000025bfd40, 0x00000000025bfdd8]
Event: 27.902 Thread 0x0000000008714000 nmethod 530 0x00000000025d6210 code [0x00000000025d64e0, 0x00000000025d7d88]
Event: 27.956 Thread 0x0000000008715800  534 %           sun.misc.URLClassPath::getResource @ 39 (74 bytes)

GC Heap History (10 events):
Event: 19.481 GC heap before
{Heap before GC invocations=17 (full 0):
 PSYoungGen      total 31744K, used 29952K [0x00000000eaa80000, 0x00000000ecb80000, 0x0000000100000000)
  eden space 29696K, 100% used [0x00000000eaa80000,0x00000000ec780000,0x00000000ec780000)
  from space 2048K, 12% used [0x00000000ec980000,0x00000000ec9c0000,0x00000000ecb80000)
  to   space 2048K, 0% used [0x00000000ec780000,0x00000000ec780000,0x00000000ec980000)
 ParOldGen       total 37376K, used 17865K [0x00000000c0000000, 0x00000000c2480000, 0x00000000eaa80000)
  object space 37376K, 47% used [0x00000000c0000000,0x00000000c11727f8,0x00000000c2480000)
 PSPermGen       total 21504K, used 21315K [0x00000000b0000000, 0x00000000b1500000, 0x00000000c0000000)
  object space 21504K, 99% used [0x00000000b0000000,0x00000000b14d0cb8,0x00000000b1500000)
Event: 19.488 GC heap after
Heap after GC invocations=17 (full 0):
 PSYoungGen      total 31744K, used 224K [0x00000000eaa80000, 0x00000000ecb80000, 0x0000000100000000)
  eden space 29696K, 0% used [0x00000000eaa80000,0x00000000eaa80000,0x00000000ec780000)
  from space 2048K, 10% used [0x00000000ec780000,0x00000000ec7b8000,0x00000000ec980000)
  to   space 2048K, 0% used [0x00000000ec980000,0x00000000ec980000,0x00000000ecb80000)
 ParOldGen       total 37376K, used 18062K [0x00000000c0000000, 0x00000000c2480000, 0x00000000eaa80000)
  object space 37376K, 48% used [0x00000000c0000000,0x00000000c11a3808,0x00000000c2480000)
 PSPermGen       total 21504K, used 21315K [0x00000000b0000000, 0x00000000b1500000, 0x00000000c0000000)
  object space 21504K, 99% used [0x00000000b0000000,0x00000000b14d0cb8,0x00000000b1500000)
}
Event: 21.357 GC heap before
{Heap before GC invocations=18 (full 0):
 PSYoungGen      total 31744K, used 29920K [0x00000000eaa80000, 0x00000000ecb80000, 0x0000000100000000)
  eden space 29696K, 100% used [0x00000000eaa80000,0x00000000ec780000,0x00000000ec780000)
  from space 2048K, 10% used [0x00000000ec780000,0x00000000ec7b8000,0x00000000ec980000)
  to   space 2048K, 0% used [0x00000000ec980000,0x00000000ec980000,0x00000000ecb80000)
 ParOldGen       total 37376K, used 18062K [0x00000000c0000000, 0x00000000c2480000, 0x00000000eaa80000)
  object space 37376K, 48% used [0x00000000c0000000,0x00000000c11a3808,0x00000000c2480000)
 PSPermGen       total 23552K, used 23505K [0x00000000b0000000, 0x00000000b1700000, 0x00000000c0000000)
  object space 23552K, 99% used [0x00000000b0000000,0x00000000b16f4470,0x00000000b1700000)
Event: 21.377 GC heap after
Heap after GC invocations=18 (full 0):
 PSYoungGen      total 31744K, used 2048K [0x00000000eaa80000, 0x00000000ecb80000, 0x0000000100000000)
  eden space 29696K, 0% used [0x00000000eaa80000,0x00000000eaa80000,0x00000000ec780000)
  from space 2048K, 100% used [0x00000000ec980000,0x00000000ecb80000,0x00000000ecb80000)
  to   space 2048K, 0% used [0x00000000ec780000,0x00000000ec780000,0x00000000ec980000)
 ParOldGen       total 37376K, used 20474K [0x00000000c0000000, 0x00000000c2480000, 0x00000000eaa80000)
  object space 37376K, 54% used [0x00000000c0000000,0x00000000c13fe920,0x00000000c2480000)
 PSPermGen       total 23552K, used 23505K [0x00000000b0000000, 0x00000000b1700000, 0x00000000c0000000)
  object space 23552K, 99% used [0x00000000b0000000,0x00000000b16f4470,0x00000000b1700000)
}
Event: 23.053 GC heap before
{Heap before GC invocations=19 (full 0):
 PSYoungGen      total 31744K, used 31744K [0x00000000eaa80000, 0x00000000ecb80000, 0x0000000100000000)
  eden space 29696K, 100% used [0x00000000eaa80000,0x00000000ec780000,0x00000000ec780000)
  from space 2048K, 100% used [0x00000000ec980000,0x00000000ecb80000,0x00000000ecb80000)
  to   space 2048K, 0% used [0x00000000ec780000,0x00000000ec780000,0x00000000ec980000)
 ParOldGen       total 37376K, used 20474K [0x00000000c0000000, 0x00000000c2480000, 0x00000000eaa80000)
  object space 37376K, 54% used [0x00000000c0000000,0x00000000c13fe920,0x00000000c2480000)
 PSPermGen       total 25600K, used 25119K [0x00000000b0000000, 0x00000000b1900000, 0x00000000c0000000)
  object space 25600K, 98% used [0x00000000b0000000,0x00000000b1887cf0,0x00000000b1900000)
Event: 23.074 GC heap after
Heap after GC invocations=19 (full 0):
 PSYoungGen      total 31744K, used 2048K [0x00000000eaa80000, 0x00000000ecb80000, 0x0000000100000000)
  eden space 29696K, 0% used [0x00000000eaa80000,0x00000000eaa80000,0x00000000ec780000)
  from space 2048K, 100% used [0x00000000ec780000,0x00000000ec980000,0x00000000ec980000)
  to   space 2048K, 0% used [0x00000000ec980000,0x00000000ec980000,0x00000000ecb80000)
 ParOldGen       total 37376K, used 23943K [0x00000000c0000000, 0x00000000c2480000, 0x00000000eaa80000)
  object space 37376K, 64% used [0x00000000c0000000,0x00000000c1761f08,0x00000000c2480000)
 PSPermGen       total 25600K, used 25119K [0x00000000b0000000, 0x00000000b1900000, 0x00000000c0000000)
  object space 25600K, 98% used [0x00000000b0000000,0x00000000b1887cf0,0x00000000b1900000)
}
Event: 24.951 GC heap before
{Heap before GC invocations=20 (full 0):
 PSYoungGen      total 31744K, used 31744K [0x00000000eaa80000, 0x00000000ecb80000, 0x0000000100000000)
  eden space 29696K, 100% used [0x00000000eaa80000,0x00000000ec780000,0x00000000ec780000)
  from space 2048K, 100% used [0x00000000ec780000,0x00000000ec980000,0x00000000ec980000)
  to   space 2048K, 0% used [0x00000000ec980000,0x00000000ec980000,0x00000000ecb80000)
 ParOldGen       total 37376K, used 23943K [0x00000000c0000000, 0x00000000c2480000, 0x00000000eaa80000)
  object space 37376K, 64% used [0x00000000c0000000,0x00000000c1761f08,0x00000000c2480000)
 PSPermGen       total 28672K, used 28245K [0x00000000b0000000, 0x00000000b1c00000, 0x00000000c0000000)
  object space 28672K, 98% used [0x00000000b0000000,0x00000000b1b95788,0x00000000b1c00000)
Event: 24.973 GC heap after
Heap after GC invocations=20 (full 0):
 PSYoungGen      total 31744K, used 2047K [0x00000000eaa80000, 0x00000000ecb80000, 0x0000000100000000)
  eden space 29696K, 0% used [0x00000000eaa80000,0x00000000eaa80000,0x00000000ec780000)
  from space 2048K, 99% used [0x00000000ec980000,0x00000000ecb7fd68,0x00000000ecb80000)
  to   space 2048K, 0% used [0x00000000ec780000,0x00000000ec780000,0x00000000ec980000)
 ParOldGen       total 37376K, used 26550K [0x00000000c0000000, 0x00000000c2480000, 0x00000000eaa80000)
  object space 37376K, 71% used [0x00000000c0000000,0x00000000c19eda80,0x00000000c2480000)
 PSPermGen       total 28672K, used 28245K [0x00000000b0000000, 0x00000000b1c00000, 0x00000000c0000000)
  object space 28672K, 98% used [0x00000000b0000000,0x00000000b1b95788,0x00000000b1c00000)
}
Event: 27.905 GC heap before
{Heap before GC invocations=21 (full 0):
 PSYoungGen      total 31744K, used 31743K [0x00000000eaa80000, 0x00000000ecb80000, 0x0000000100000000)
  eden space 29696K, 100% used [0x00000000eaa80000,0x00000000ec780000,0x00000000ec780000)
  from space 2048K, 99% used [0x00000000ec980000,0x00000000ecb7fd68,0x00000000ecb80000)
  to   space 2048K, 0% used [0x00000000ec780000,0x00000000ec780000,0x00000000ec980000)
 ParOldGen       total 37376K, used 26550K [0x00000000c0000000, 0x00000000c2480000, 0x00000000eaa80000)
  object space 37376K, 71% used [0x00000000c0000000,0x00000000c19eda80,0x00000000c2480000)
 PSPermGen       total 29184K, used 29166K [0x00000000b0000000, 0x00000000b1c80000, 0x00000000c0000000)
  object space 29184K, 99% used [0x00000000b0000000,0x00000000b1c7bac8,0x00000000b1c80000)
Event: 27.916 GC heap after
Heap after GC invocations=21 (full 0):
 PSYoungGen      total 31232K, used 2026K [0x00000000eaa80000, 0x00000000ed700000, 0x0000000100000000)
  eden space 29184K, 0% used [0x00000000eaa80000,0x00000000eaa80000,0x00000000ec700000)
  from space 2048K, 98% used [0x00000000ec780000,0x00000000ec97a840,0x00000000ec980000)
  to   space 8192K, 0% used [0x00000000ecf00000,0x00000000ecf00000,0x00000000ed700000)
 ParOldGen       total 37376K, used 27155K [0x00000000c0000000, 0x00000000c2480000, 0x00000000eaa80000)
  object space 37376K, 72% used [0x00000000c0000000,0x00000000c1a84ec0,0x00000000c2480000)
 PSPermGen       total 29184K, used 29166K [0x00000000b0000000, 0x00000000b1c80000, 0x00000000c0000000)
  object space 29184K, 99% used [0x00000000b0000000,0x00000000b1c7bac8,0x00000000b1c80000)
}

Deoptimization events (10 events):
Event: 25.244 Thread 0x000000000a978800 Uncommon trap: reason=unreached action=reinterpret pc=0x000000000251d03c method=com.sun.org.apache.xerces.internal.dom.ParentNode.nodeListGetLength()I @ 11
Event: 25.493 Thread 0x000000000a978800 Uncommon trap: reason=null_check action=make_not_entrant pc=0x000000000258e408 method=com.sun.org.apache.xerces.internal.utils.XMLLimitAnalyzer.isTracking(Ljava/lang/String;)Z @ 14
Event: 25.739 Thread 0x000000000a978800 Uncommon trap: reason=unreached action=reinterpret pc=0x00000000025679fc method=com.sun.org.apache.xerces.internal.dom.ParentNode.nodeListGetLength()I @ 11
Event: 26.317 Thread 0x000000000a978800 Uncommon trap: reason=null_check action=make_not_entrant pc=0x00000000025b1f34 method=java.lang.Boolean.equals(Ljava/lang/Object;)Z @ 1
Event: 26.604 Thread 0x000000000a978800 Uncommon trap: reason=array_check action=maybe_recompile pc=0x00000000025bf46c method=java.util.AbstractCollection.toArray([Ljava/lang/Object;)[Ljava/lang/Object; @ 119
Event: 26.604 Thread 0x000000000a978800 Uncommon trap: reason=array_check action=maybe_recompile pc=0x00000000025bf46c method=java.util.AbstractCollection.toArray([Ljava/lang/Object;)[Ljava/lang/Object; @ 119
Event: 26.605 Thread 0x000000000a978800 Uncommon trap: reason=array_check action=maybe_recompile pc=0x00000000025bf46c method=java.util.AbstractCollection.toArray([Ljava/lang/Object;)[Ljava/lang/Object; @ 119
Event: 26.605 Thread 0x000000000a978800 Uncommon trap: reason=array_check action=maybe_recompile pc=0x00000000025bf46c method=java.util.AbstractCollection.toArray([Ljava/lang/Object;)[Ljava/lang/Object; @ 119
Event: 27.416 Thread 0x000000000a978800 Uncommon trap: reason=unreached action=reinterpret pc=0x0000000002505fd0 method=sun.misc.URLClassPath.getLoader(I)Lsun/misc/URLClassPath$Loader; @ 101
Event: 27.479 Thread 0x000000000a978800 Uncommon trap: reason=unreached action=reinterpret pc=0x00000000024f7f8c method=sun.misc.URLClassPath.getLoader(I)Lsun/misc/URLClassPath$Loader; @ 101

Internal exceptions (10 events):
Event: 27.985 Thread 0x000000000a978800 Threw 0x00000000eac4d128 at C:\re\jdk7u51\527\hotspot\src\share\vm\prims\jvm.cpp:1244
Event: 27.986 Thread 0x000000000a978800 Threw 0x00000000eac52b18 at C:\re\jdk7u51\527\hotspot\src\share\vm\prims\jvm.cpp:1244
Event: 27.987 Thread 0x000000000a978800 Threw 0x00000000eac57490 at C:\re\jdk7u51\527\hotspot\src\share\vm\prims\jvm.cpp:1244
Event: 27.988 Thread 0x000000000a978800 Threw 0x00000000eac5be08 at C:\re\jdk7u51\527\hotspot\src\share\vm\prims\jvm.cpp:1244
Event: 27.989 Thread 0x000000000a978800 Threw 0x00000000eac60790 at C:\re\jdk7u51\527\hotspot\src\share\vm\prims\jvm.cpp:1244
Event: 27.990 Thread 0x000000000a978800 Threw 0x00000000eac65118 at C:\re\jdk7u51\527\hotspot\src\share\vm\prims\jvm.cpp:1244
Event: 27.991 Thread 0x000000000a978800 Threw 0x00000000eac69aa0 at C:\re\jdk7u51\527\hotspot\src\share\vm\prims\jvm.cpp:1244
Event: 27.992 Thread 0x000000000a978800 Threw 0x00000000eac70940 at C:\re\jdk7u51\527\hotspot\src\share\vm\prims\jvm.cpp:1244
Event: 27.993 Thread 0x000000000a978800 Threw 0x00000000eac762f8 at C:\re\jdk7u51\527\hotspot\src\share\vm\prims\jvm.cpp:1244
Event: 27.994 Thread 0x000000000a978800 Threw 0x00000000eac7c0e8 at C:\re\jdk7u51\527\hotspot\src\share\vm\prims\jvm.cpp:1244

Events (10 events):
Event: 27.990 loading class 0x000000000ab0fcb0
Event: 27.990 loading class 0x000000000ab0fcb0 done
Event: 27.991 loading class 0x000000000ab14bf0
Event: 27.991 loading class 0x000000000ab14bf0 done
Event: 27.992 loading class 0x000000000a13bc20
Event: 27.992 loading class 0x000000000a13bc20 done
Event: 27.993 loading class 0x000000000ab14f70
Event: 27.993 loading class 0x000000000ab14f70 done
Event: 27.994 loading class 0x000000000ab153b0
Event: 27.994 loading class 0x000000000ab153b0 done


Dynamic libraries:
0x00007ff7f8f60000 - 0x00007ff7f8f93000 	C:\Program Files\Java\jdk1.7.0_51\bin\java.exe
0x00007ffde5d50000 - 0x00007ffde5f11000 	C:\WINDOWS\SYSTEM32\ntdll.dll
0x00007ffde33f0000 - 0x00007ffde349d000 	C:\WINDOWS\system32\KERNEL32.DLL
0x00007ffde27d0000 - 0x00007ffde29b8000 	C:\WINDOWS\system32\KERNELBASE.dll
0x00007ffde5b20000 - 0x00007ffde5bc7000 	C:\WINDOWS\system32\ADVAPI32.dll
0x00007ffde5a80000 - 0x00007ffde5b1d000 	C:\WINDOWS\system32\msvcrt.dll
0x00007ffde5990000 - 0x00007ffde59eb000 	C:\WINDOWS\system32\sechost.dll
0x00007ffde57c0000 - 0x00007ffde58dc000 	C:\WINDOWS\system32\RPCRT4.dll
0x00007ffde3150000 - 0x00007ffde32a6000 	C:\WINDOWS\system32\USER32.dll
0x00007ffde52e0000 - 0x00007ffde5466000 	C:\WINDOWS\system32\GDI32.dll
0x00007ffdd8a20000 - 0x00007ffdd8c94000 	C:\WINDOWS\WinSxS\amd64_microsoft.windows.common-controls_6595b64144ccf1df_6.0.10586.0_none_8c15ae12515e1c22\COMCTL32.dll
0x00007ffde5470000 - 0x00007ffde56ed000 	C:\WINDOWS\system32\combase.dll
0x00007ffde24c0000 - 0x00007ffde252a000 	C:\WINDOWS\system32\bcryptPrimitives.dll
0x00007ffde52a0000 - 0x00007ffde52db000 	C:\WINDOWS\system32\IMM32.DLL
0x0000000053ee0000 - 0x0000000053fb2000 	C:\Program Files\Java\jdk1.7.0_51\jre\bin\msvcr100.dll
0x0000000051cf0000 - 0x00000000524b9000 	C:\Program Files\Java\jdk1.7.0_51\jre\bin\server\jvm.dll
0x00007ffde32b0000 - 0x00007ffde32b8000 	C:\WINDOWS\system32\PSAPI.DLL
0x00007ffdd6b10000 - 0x00007ffdd6b19000 	C:\WINDOWS\SYSTEM32\WSOCK32.dll
0x00007ffde5a10000 - 0x00007ffde5a7b000 	C:\WINDOWS\system32\WS2_32.dll
0x00007ffde07a0000 - 0x00007ffde07c3000 	C:\WINDOWS\SYSTEM32\WINMM.dll
0x00007ffde0650000 - 0x00007ffde067c000 	C:\WINDOWS\SYSTEM32\WINMMBASE.dll
0x00007ffde2a20000 - 0x00007ffde2a63000 	C:\WINDOWS\system32\cfgmgr32.dll
0x0000000053ed0000 - 0x0000000053edf000 	C:\Program Files\Java\jdk1.7.0_51\jre\bin\verify.dll
0x0000000053ea0000 - 0x0000000053ec8000 	C:\Program Files\Java\jdk1.7.0_51\jre\bin\java.dll
0x0000000053e80000 - 0x0000000053e95000 	C:\Program Files\Java\jdk1.7.0_51\jre\bin\zip.dll
0x0000000053e60000 - 0x0000000053e79000 	C:\Program Files\Java\jdk1.7.0_51\jre\bin\net.dll
0x00007ffde1c40000 - 0x00007ffde1c9c000 	C:\WINDOWS\system32\mswsock.dll
0x0000000053e40000 - 0x0000000053e51000 	C:\Program Files\Java\jdk1.7.0_51\jre\bin\nio.dll
0x00007ffdcd080000 - 0x00007ffdcd092000 	C:\Users\pacio_000\.gradle\native\19\windows-amd64\native-platform.dll
0x00007ffde5be0000 - 0x00007ffde5c32000 	C:\WINDOWS\system32\SHLWAPI.dll
0x00007ffddeb80000 - 0x00007ffddebb8000 	C:\WINDOWS\SYSTEM32\IPHLPAPI.DLL
0x00007ffde5bd0000 - 0x00007ffde5bd8000 	C:\WINDOWS\system32\NSI.dll
0x00007ffdd9e30000 - 0x00007ffdd9e46000 	C:\WINDOWS\SYSTEM32\dhcpcsvc6.DLL
0x00007ffdd9e10000 - 0x00007ffdd9e2a000 	C:\WINDOWS\SYSTEM32\dhcpcsvc.DLL
0x00007ffde1cf0000 - 0x00007ffde1d07000 	C:\WINDOWS\SYSTEM32\CRYPTSP.dll
0x00007ffde1980000 - 0x00007ffde19b4000 	C:\WINDOWS\system32\rsaenh.dll
0x00007ffde22a0000 - 0x00007ffde22c9000 	C:\WINDOWS\SYSTEM32\bcrypt.dll
0x00007ffde1ad0000 - 0x00007ffde1aef000 	C:\WINDOWS\SYSTEM32\USERENV.dll
0x00007ffde23e0000 - 0x00007ffde23f4000 	C:\WINDOWS\system32\profapi.dll
0x00007ffde2290000 - 0x00007ffde229b000 	C:\WINDOWS\SYSTEM32\CRYPTBASE.dll
0x00007ffdd4240000 - 0x00007ffdd4256000 	C:\WINDOWS\system32\napinsp.dll
0x00007ffdd4220000 - 0x00007ffdd423a000 	C:\WINDOWS\system32\pnrpnsp.dll
0x00007ffddf3a0000 - 0x00007ffddf3b8000 	C:\WINDOWS\system32\NLAapi.dll
0x00007ffde0d90000 - 0x00007ffde0e3a000 	C:\WINDOWS\SYSTEM32\DNSAPI.dll
0x00007ffdd4210000 - 0x00007ffdd421d000 	C:\WINDOWS\System32\winrnr.dll
0x00007ffdd41f0000 - 0x00007ffdd4205000 	C:\WINDOWS\System32\wshbth.dll
0x00007ffdd7070000 - 0x00007ffdd707a000 	C:\Windows\System32\rasadhlp.dll
0x00007ffdda010000 - 0x00007ffdda077000 	C:\WINDOWS\System32\fwpuclnt.dll

VM Arguments:
jvm_args: -XX:MaxPermSize=256m -XX:+HeapDumpOnOutOfMemoryError -Xmx1024m -Dfile.encoding=windows-1250 -Duser.country=PL -Duser.language=pl -Duser.variant 
java_command: org.gradle.launcher.daemon.bootstrap.GradleDaemon 2.4 C:\Users\pacio_000\.gradle C:\Users\pacio_000\.gradle\daemon 10800000 44cfdb71-47e0-4eb0-9d3d-5a7a5a194519 -XX:MaxPermSize=256m -XX:+HeapDumpOnOutOfMemoryError -Xmx1024m -Dfile.encoding=windows-1250 -Duser.country=PL -Duser.language=pl -Duser.variant
Launcher Type: SUN_STANDARD

Environment Variables:
PATH=C:\ProgramData\Oracle\Java\javapath;C:\WINDOWS\system32;C:\WINDOWS;C:\WINDOWS\System32\Wbem;C:\WINDOWS\System32\WindowsPowerShell\v1.0\;C:\Program Files (x86)\ATI Technologies\ATI.ACE\Core-Static;C:\Program Files\Java\jdk1.7.0_51\bin;C:\WINDOWS\system32;C:\WINDOWS;C:\WINDOWS\System32\Wbem;C:\WINDOWS\System32\WindowsPowerShell\v1.0\;C:\Program Files (x86)\Windows Kits\8.1\Windows Performance Toolkit\;C:\Program Files\Microsoft DNX\Dnvm\;C:\Program Files\Microsoft SQL Server\Client SDK\ODBC\110\Tools\Binn\;C:\Program Files (x86)\Microsoft SQL Server\120\Tools\Binn\ManagementStudio\;C:\Program Files (x86)\Microsoft SQL Server\120\Tools\Binn\;C:\Program Files\Microsoft SQL Server\120\Tools\Binn\;C:\Program Files (x86)\Microsoft SQL Server\120\DTS\Binn\;C:\Program Files\Microsoft SQL Server\120\DTS\Binn\;C:\Program Files\Microsoft SQL Server\130\Tools\Binn\;C:\Users\pacio_000\AppData\Local\Android\android-sdk\platform-tools
USERNAME=pacio_000
OS=Windows_NT
PROCESSOR_IDENTIFIER=AMD64 Family 22 Model 0 Stepping 1, AuthenticAMD



---------------  S Y S T E M  ---------------

OS: Windows 8 , 64 bit Build 9200 

CPU:total 4 (4 cores per cpu, 1 threads per core) family 22 model 0 stepping 1, cmov, cx8, fxsr, mmx, sse, sse2, sse3, ssse3, sse4.1, sse4.2, popcnt, avx, aes, mmxext, 3dnowpref, lzcnt, sse4a, tsc, tscinvbit, tscinv

Memory: 4k page, physical 3611584k(431828k free), swap 7148772k(4172k free)

vm_info: Java HotSpot(TM) 64-Bit Server VM (24.51-b03) for windows-amd64 JRE (1.7.0_51-b13), built on Dec 18 2013 18:40:56 by "java_re" with unknown MS VC++:1600

time: Thu Jun 16 12:24:45 2016
elapsed time: 28 seconds

