#
# There is insufficient memory for the Java Runtime Environment to continue.
# Native memory allocation (malloc) failed to allocate 1048576 bytes for AllocateHeap
# Possible reasons:
#   The system is out of physical RAM or swap space
#   In 32 bit mode, the process size limit was hit
# Possible solutions:
#   Reduce memory load on the system
#   Increase physical memory or swap space
#   Check if swap backing store is full
#   Use 64 bit Java on a 64 bit OS
#   Decrease Java heap size (-Xmx/-Xms)
#   Decrease number of Java threads
#   Decrease Java thread stack sizes (-Xss)
#   Set larger code cache with -XX:ReservedCodeCacheSize=
# This output file may be truncated or incomplete.
#
#  Out of Memory Error (memory/allocation.inline.hpp:61), pid=3400, tid=7036
#
# JRE version:  (7.0_51-b13) (build )
# Java VM: Java HotSpot(TM) 64-Bit Server VM (24.51-b03 mixed mode windows-amd64 compressed oops)
# Failed to write core dump. Minidumps are not enabled by default on client versions of Windows
#

---------------  T H R E A D  ---------------

Current thread (0x0000000002310800):  JavaThread "Unknown thread" [_thread_in_vm, id=7036, stack(0x0000000002150000,0x0000000002250000)]

Stack: [0x0000000002150000,0x0000000002250000]

---------------  P R O C E S S  ---------------

Java Threads: ( => current thread )

Other Threads:

=>0x0000000002310800 (exited) JavaThread "Unknown thread" [_thread_in_vm, id=7036, stack(0x0000000002150000,0x0000000002250000)]

VM state:not at safepoint (normal execution)

VM Mutex/Monitor currently owned by a thread: None

Heap
 PSYoungGen      total 16896K, used 297K [0x00000000eaa80000, 0x00000000ebd00000, 0x0000000100000000)
  eden space 14848K, 2% used [0x00000000eaa80000,0x00000000eaaca440,0x00000000eb900000)
  from space 2048K, 0% used [0x00000000ebb00000,0x00000000ebb00000,0x00000000ebd00000)
  to   space 2048K, 0% used [0x00000000eb900000,0x00000000eb900000,0x00000000ebb00000)
 ParOldGen       total 37376K, used 0K [0x00000000c0000000, 0x00000000c2480000, 0x00000000eaa80000)
  object space 37376K, 0% used [0x00000000c0000000,0x00000000c0000000,0x00000000c2480000)
 PSPermGen       total 21504K, used 673K [0x00000000bae00000, 0x00000000bc300000, 0x00000000c0000000)
  object space 21504K, 3% used [0x00000000bae00000,0x00000000baea8570,0x00000000bc300000)

Card table byte_map: [0x00000000054d0000,0x0000000005700000] byte_map_base: 0x0000000004ef9000

Polling page: 0x0000000000910000

Code Cache  [0x0000000002410000, 0x0000000002680000, 0x0000000005410000)
 total_blobs=37 nmethods=0 adapters=20 free_code_cache=48890Kb largest_free_block=50063104

Compilation events (0 events):
No events

GC Heap History (0 events):
No events

Deoptimization events (0 events):
No events

Internal exceptions (0 events):
No events

Events (10 events):
Event: 0.071 loading class 0x0000000002356ea0
Event: 0.071 loading class 0x0000000002356ea0 done
Event: 0.071 loading class 0x0000000002356ef0
Event: 0.071 loading class 0x0000000002356ef0 done
Event: 0.071 loading class 0x0000000002356f40
Event: 0.072 loading class 0x0000000002356f40 done
Event: 0.074 loading class 0x0000000002357ca0
Event: 0.074 loading class 0x0000000002357ca0 done
Event: 0.074 loading class 0x00000000023578c0
Event: 0.075 loading class 0x00000000023578c0 done


Dynamic libraries:
0x00007ff6ccb10000 - 0x00007ff6ccb43000 	C:\Program Files\Java\jdk1.7.0_51\bin\java.exe
0x00007ffde5d50000 - 0x00007ffde5f11000 	C:\WINDOWS\SYSTEM32\ntdll.dll
0x00007ffde33f0000 - 0x00007ffde349d000 	C:\WINDOWS\system32\KERNEL32.DLL
0x00007ffde27d0000 - 0x00007ffde29b8000 	C:\WINDOWS\system32\KERNELBASE.dll
0x00007ffde5b20000 - 0x00007ffde5bc7000 	C:\WINDOWS\system32\ADVAPI32.dll
0x00007ffde5a80000 - 0x00007ffde5b1d000 	C:\WINDOWS\system32\msvcrt.dll
0x00007ffde5990000 - 0x00007ffde59eb000 	C:\WINDOWS\system32\sechost.dll
0x00007ffde57c0000 - 0x00007ffde58dc000 	C:\WINDOWS\system32\RPCRT4.dll
0x00007ffde3150000 - 0x00007ffde32a6000 	C:\WINDOWS\system32\USER32.dll
0x00007ffde52e0000 - 0x00007ffde5466000 	C:\WINDOWS\system32\GDI32.dll
0x00007ffdd8a20000 - 0x00007ffdd8c94000 	C:\WINDOWS\WinSxS\amd64_microsoft.windows.common-controls_6595b64144ccf1df_6.0.10586.0_none_8c15ae12515e1c22\COMCTL32.dll
0x00007ffde5470000 - 0x00007ffde56ed000 	C:\WINDOWS\system32\combase.dll
0x00007ffde24c0000 - 0x00007ffde252a000 	C:\WINDOWS\system32\bcryptPrimitives.dll
0x00007ffde52a0000 - 0x00007ffde52db000 	C:\WINDOWS\system32\IMM32.DLL
0x0000000053ee0000 - 0x0000000053fb2000 	C:\Program Files\Java\jdk1.7.0_51\jre\bin\msvcr100.dll
0x0000000051cf0000 - 0x00000000524b9000 	C:\Program Files\Java\jdk1.7.0_51\jre\bin\server\jvm.dll
0x00007ffde32b0000 - 0x00007ffde32b8000 	C:\WINDOWS\system32\PSAPI.DLL
0x00007ffdd6b10000 - 0x00007ffdd6b19000 	C:\WINDOWS\SYSTEM32\WSOCK32.dll
0x00007ffde5a10000 - 0x00007ffde5a7b000 	C:\WINDOWS\system32\WS2_32.dll
0x00007ffde07a0000 - 0x00007ffde07c3000 	C:\WINDOWS\SYSTEM32\WINMM.dll
0x00007ffde0650000 - 0x00007ffde067c000 	C:\WINDOWS\SYSTEM32\WINMMBASE.dll
0x00007ffde2a20000 - 0x00007ffde2a63000 	C:\WINDOWS\system32\cfgmgr32.dll
0x0000000053ed0000 - 0x0000000053edf000 	C:\Program Files\Java\jdk1.7.0_51\jre\bin\verify.dll
0x0000000053ea0000 - 0x0000000053ec8000 	C:\Program Files\Java\jdk1.7.0_51\jre\bin\java.dll
0x0000000053e80000 - 0x0000000053e95000 	C:\Program Files\Java\jdk1.7.0_51\jre\bin\zip.dll

VM Arguments:
jvm_args: -Xmx1024M -Dfile.encoding=windows-1250 -Duser.country=PL -Duser.language=pl -Duser.variant 
java_command: com.android.dx.command.Main --dex --num-threads=4 --output C:\Users\pacio_000\Desktop\PicSwapper2\app\build\intermediates\pre-dexed\debug\jackson-databind-2.8.0.rc1-5c159825a067c429769413f9da09d464fb70aa3b.jar C:\Users\pacio_000\.gradle\caches\modules-2\files-2.1\com.fasterxml.jackson.core\jackson-databind\2.8.0.rc1\f3ac3b31cb804acb98ace2545ee58aba00e6397\jackson-databind-2.8.0.rc1.jar
Launcher Type: SUN_STANDARD

Environment Variables:
PATH=C:\ProgramData\Oracle\Java\javapath;C:\WINDOWS\system32;C:\WINDOWS;C:\WINDOWS\System32\Wbem;C:\WINDOWS\System32\WindowsPowerShell\v1.0\;C:\Program Files (x86)\ATI Technologies\ATI.ACE\Core-Static;C:\Program Files\Java\jdk1.7.0_51\bin;C:\WINDOWS\system32;C:\WINDOWS;C:\WINDOWS\System32\Wbem;C:\WINDOWS\System32\WindowsPowerShell\v1.0\;C:\Program Files (x86)\Windows Kits\8.1\Windows Performance Toolkit\;C:\Program Files\Microsoft DNX\Dnvm\;C:\Program Files\Microsoft SQL Server\Client SDK\ODBC\110\Tools\Binn\;C:\Program Files (x86)\Microsoft SQL Server\120\Tools\Binn\ManagementStudio\;C:\Program Files (x86)\Microsoft SQL Server\120\Tools\Binn\;C:\Program Files\Microsoft SQL Server\120\Tools\Binn\;C:\Program Files (x86)\Microsoft SQL Server\120\DTS\Binn\;C:\Program Files\Microsoft SQL Server\120\DTS\Binn\;C:\Program Files\Microsoft SQL Server\130\Tools\Binn\;C:\Users\pacio_000\AppData\Local\Android\android-sdk\platform-tools
USERNAME=pacio_000
OS=Windows_NT
PROCESSOR_IDENTIFIER=AMD64 Family 22 Model 0 Stepping 1, AuthenticAMD



---------------  S Y S T E M  ---------------

OS: Windows 8 , 64 bit Build 9200 

CPU:total 4 (4 cores per cpu, 1 threads per core) family 22 model 0 stepping 1, cmov, cx8, fxsr, mmx, sse, sse2, sse3, ssse3, sse4.1, sse4.2, popcnt, avx, aes, mmxext, 3dnowpref, lzcnt, sse4a, tsc, tscinvbit, tscinv

Memory: 4k page, physical 3611584k(501584k free), swap 7148772k(5224k free)

vm_info: Java HotSpot(TM) 64-Bit Server VM (24.51-b03) for windows-amd64 JRE (1.7.0_51-b13), built on Dec 18 2013 18:40:56 by "java_re" with unknown MS VC++:1600

time: Thu Jun 16 15:29:12 2016
elapsed time: 0 seconds

