#
# There is insufficient memory for the Java Runtime Environment to continue.
# Native memory allocation (malloc) failed to allocate 396096 bytes for Chunk::new
# Possible reasons:
#   The system is out of physical RAM or swap space
#   In 32 bit mode, the process size limit was hit
# Possible solutions:
#   Reduce memory load on the system
#   Increase physical memory or swap space
#   Check if swap backing store is full
#   Use 64 bit Java on a 64 bit OS
#   Decrease Java heap size (-Xmx/-Xms)
#   Decrease number of Java threads
#   Decrease Java thread stack sizes (-Xss)
#   Set larger code cache with -XX:ReservedCodeCacheSize=
# This output file may be truncated or incomplete.
#
#  Out of Memory Error (allocation.cpp:323), pid=5464, tid=84
#
# JRE version: Java(TM) SE Runtime Environment (7.0_51-b13) (build 1.7.0_51-b13)
# Java VM: Java HotSpot(TM) 64-Bit Server VM (24.51-b03 mixed mode windows-amd64 compressed oops)
# Failed to write core dump. Minidumps are not enabled by default on client versions of Windows
#

---------------  T H R E A D  ---------------

Current thread (0x0000000008238800):  JavaThread "C2 CompilerThread1" daemon [_thread_in_native, id=84, stack(0x00000000098b0000,0x00000000099b0000)]

Stack: [0x00000000098b0000,0x00000000099b0000]

Current CompileTask:
C2:   3257  160             com.android.dx.ssa.SsaMethod::forEachBlockDepthFirst (194 bytes)


---------------  P R O C E S S  ---------------

Java Threads: ( => current thread )
  0x0000000009ca1800 JavaThread "pool-1-thread-4" [_thread_in_Java, id=9872, stack(0x000000000a3b0000,0x000000000a4b0000)]
  0x0000000009c5d000 JavaThread "pool-1-thread-3" [_thread_in_Java, id=10600, stack(0x000000000a2b0000,0x000000000a3b0000)]
  0x0000000009c5c800 JavaThread "pool-1-thread-2" [_thread_in_Java, id=3400, stack(0x000000000a1b0000,0x000000000a2b0000)]
  0x0000000009c3e000 JavaThread "pool-2-thread-1" [_thread_blocked, id=9548, stack(0x000000000a0b0000,0x000000000a1b0000)]
  0x0000000009bc2800 JavaThread "pool-1-thread-1" [_thread_in_Java, id=11056, stack(0x0000000009fb0000,0x000000000a0b0000)]
  0x000000000823c800 JavaThread "Service Thread" daemon [_thread_blocked, id=9868, stack(0x00000000099b0000,0x0000000009ab0000)]
=>0x0000000008238800 JavaThread "C2 CompilerThread1" daemon [_thread_in_native, id=84, stack(0x00000000098b0000,0x00000000099b0000)]
  0x0000000008234000 JavaThread "C2 CompilerThread0" daemon [_thread_in_native, id=6832, stack(0x00000000097b0000,0x00000000098b0000)]
  0x0000000008232800 JavaThread "Attach Listener" daemon [_thread_blocked, id=7404, stack(0x00000000096b0000,0x00000000097b0000)]
  0x000000000822f800 JavaThread "Signal Dispatcher" daemon [_thread_blocked, id=9936, stack(0x00000000095b0000,0x00000000096b0000)]
  0x00000000081fe000 JavaThread "Finalizer" daemon [_thread_blocked, id=5564, stack(0x00000000094b0000,0x00000000095b0000)]
  0x00000000081f5000 JavaThread "Reference Handler" daemon [_thread_blocked, id=4148, stack(0x00000000093b0000,0x00000000094b0000)]
  0x00000000022a0800 JavaThread "main" [_thread_in_Java, id=5908, stack(0x00000000021a0000,0x00000000022a0000)]

Other Threads:
  0x00000000081f1000 VMThread [stack: 0x00000000092b0000,0x00000000093b0000] [id=4144]
  0x0000000008261000 WatcherThread [stack: 0x0000000009ab0000,0x0000000009bb0000] [id=6828]

VM state:not at safepoint (normal execution)

VM Mutex/Monitor currently owned by a thread: None

Heap
 PSYoungGen      total 16896K, used 9501K [0x00000000eaa80000, 0x00000000ecb80000, 0x0000000100000000)
  eden space 14848K, 50% used [0x00000000eaa80000,0x00000000eb1ced20,0x00000000eb900000)
  from space 2048K, 98% used [0x00000000eb900000,0x00000000ebaf8700,0x00000000ebb00000)
  to   space 2048K, 0% used [0x00000000ec980000,0x00000000ec980000,0x00000000ecb80000)
 ParOldGen       total 37376K, used 2222K [0x00000000c0000000, 0x00000000c2480000, 0x00000000eaa80000)
  object space 37376K, 5% used [0x00000000c0000000,0x00000000c022ba08,0x00000000c2480000)
 PSPermGen       total 21504K, used 5561K [0x00000000bae00000, 0x00000000bc300000, 0x00000000c0000000)
  object space 21504K, 25% used [0x00000000bae00000,0x00000000bb36e550,0x00000000bc300000)

Card table byte_map: [0x0000000005460000,0x0000000005690000] byte_map_base: 0x0000000004e89000

Polling page: 0x0000000000460000

Code Cache  [0x00000000023a0000, 0x0000000002610000, 0x00000000053a0000)
 total_blobs=394 nmethods=158 adapters=189 free_code_cache=48517Kb largest_free_block=49656000

Compilation events (10 events):
Event: 3.146 Thread 0x0000000008238800 nmethod 155 0x000000000243d550 code [0x000000000243d6a0, 0x000000000243d7d8]
Event: 3.146 Thread 0x0000000008238800  156             com.android.dx.util.FixedSizeList::getOrNull0 (7 bytes)
Event: 3.147 Thread 0x0000000008238800 nmethod 156 0x000000000243d2d0 code [0x000000000243d400, 0x000000000243d498]
Event: 3.148 Thread 0x0000000008238800  157             com.android.dx.rop.code.BasicBlock::getPrimarySuccessor (5 bytes)
Event: 3.148 Thread 0x0000000008238800 nmethod 157 0x000000000243d0d0 code [0x000000000243d200, 0x000000000243d258]
Event: 3.148 Thread 0x0000000008238800  158             com.android.dx.ssa.SsaMethod::getUseListCopy (56 bytes)
Event: 3.168 Thread 0x0000000008238800 nmethod 158 0x00000000024429d0 code [0x0000000002442b40, 0x0000000002442fe8]
Event: 3.176 Thread 0x0000000008238800  159             com.android.dx.dex.code.DalvInsn::<init> (67 bytes)
Event: 3.178 Thread 0x0000000008238800 nmethod 159 0x0000000002442710 code [0x0000000002442840, 0x0000000002442918]
Event: 3.181 Thread 0x0000000008238800  160             com.android.dx.ssa.SsaMethod::forEachBlockDepthFirst (194 bytes)

GC Heap History (2 events):
Event: 2.578 GC heap before
{Heap before GC invocations=1 (full 0):
 PSYoungGen      total 16896K, used 14848K [0x00000000eaa80000, 0x00000000ebd00000, 0x0000000100000000)
  eden space 14848K, 100% used [0x00000000eaa80000,0x00000000eb900000,0x00000000eb900000)
  from space 2048K, 0% used [0x00000000ebb00000,0x00000000ebb00000,0x00000000ebd00000)
  to   space 2048K, 0% used [0x00000000eb900000,0x00000000eb900000,0x00000000ebb00000)
 ParOldGen       total 37376K, used 0K [0x00000000c0000000, 0x00000000c2480000, 0x00000000eaa80000)
  object space 37376K, 0% used [0x00000000c0000000,0x00000000c0000000,0x00000000c2480000)
 PSPermGen       total 21504K, used 5482K [0x00000000bae00000, 0x00000000bc300000, 0x00000000c0000000)
  object space 21504K, 25% used [0x00000000bae00000,0x00000000bb35ab88,0x00000000bc300000)
Event: 2.708 GC heap after
Heap after GC invocations=1 (full 0):
 PSYoungGen      total 16896K, used 2017K [0x00000000eaa80000, 0x00000000ecb80000, 0x0000000100000000)
  eden space 14848K, 0% used [0x00000000eaa80000,0x00000000eaa80000,0x00000000eb900000)
  from space 2048K, 98% used [0x00000000eb900000,0x00000000ebaf8700,0x00000000ebb00000)
  to   space 2048K, 0% used [0x00000000ec980000,0x00000000ec980000,0x00000000ecb80000)
 ParOldGen       total 37376K, used 2222K [0x00000000c0000000, 0x00000000c2480000, 0x00000000eaa80000)
  object space 37376K, 5% used [0x00000000c0000000,0x00000000c022ba08,0x00000000c2480000)
 PSPermGen       total 21504K, used 5482K [0x00000000bae00000, 0x00000000bc300000, 0x00000000c0000000)
  object space 21504K, 25% used [0x00000000bae00000,0x00000000bb35ab88,0x00000000bc300000)
}

Deoptimization events (3 events):
Event: 2.467 Thread 0x0000000009c5d000 Uncommon trap: reason=null_check action=make_not_entrant pc=0x0000000002421a7c method=com.android.dx.rop.code.LocalItem.equals(Ljava/lang/Object;)Z @ 1
Event: 2.921 Thread 0x0000000009bc2800 Uncommon trap: reason=null_check action=make_not_entrant pc=0x0000000002435410 method=com.android.dx.rop.type.Type.equals(Ljava/lang/Object;)Z @ 8
Event: 3.009 Thread 0x0000000009ca1800 Uncommon trap: reason=unreached action=reinterpret pc=0x000000000242f784 method=com.android.dx.rop.cst.Constant.compareTo(Lcom/android/dx/rop/cst/Constant;)I @ 12

Internal exceptions (10 events):
Event: 1.827 Thread 0x00000000022a0800 Threw 0x00000000eb27e660 at C:\re\jdk7u51\527\hotspot\src\share\vm\prims\jvm.cpp:1244
Event: 1.829 Thread 0x00000000022a0800 Threw 0x00000000eb282d28 at C:\re\jdk7u51\527\hotspot\src\share\vm\prims\jvm.cpp:1244
Event: 1.831 Thread 0x00000000022a0800 Threw 0x00000000eb286578 at C:\re\jdk7u51\527\hotspot\src\share\vm\prims\jvm.cpp:1244
Event: 1.840 Thread 0x00000000022a0800 Threw 0x00000000eb292d88 at C:\re\jdk7u51\527\hotspot\src\share\vm\prims\jvm.cpp:1244
Event: 1.842 Thread 0x00000000022a0800 Threw 0x00000000eb299008 at C:\re\jdk7u51\527\hotspot\src\share\vm\prims\jvm.cpp:1244
Event: 1.845 Thread 0x00000000022a0800 Threw 0x00000000eb29d940 at C:\re\jdk7u51\527\hotspot\src\share\vm\prims\jvm.cpp:1244
Event: 1.871 Thread 0x0000000009c5d000 Threw 0x00000000eb24d720 at C:\re\jdk7u51\527\hotspot\src\share\vm\prims\jvm.cpp:1244
Event: 2.100 Thread 0x0000000009c5c800 Threw 0x00000000eb59b1a8 at C:\re\jdk7u51\527\hotspot\src\share\vm\prims\jvm.cpp:1244
Event: 2.467 Thread 0x0000000009c5d000 Implicit null exception at 0x0000000002421738 to 0x0000000002421a69
Event: 2.920 Thread 0x0000000009bc2800 Implicit null exception at 0x0000000002435312 to 0x0000000002435402

Events (10 events):
Event: 2.467 Thread 0x0000000009c5d000 DEOPT PACKING pc=0x0000000002421a7c sp=0x000000000a3aeac0
Event: 2.467 Thread 0x0000000009c5d000 DEOPT UNPACKING pc=0x00000000023d9064 sp=0x000000000a3aea00 mode 2
Event: 2.577 Executing VM operation: ParallelGCFailedAllocation
Event: 2.708 Executing VM operation: ParallelGCFailedAllocation done
Event: 2.920 Thread 0x0000000009bc2800 Uncommon trap: trap_request=0xfffffff4 fr.pc=0x0000000002435410
Event: 2.921 Thread 0x0000000009bc2800 DEOPT PACKING pc=0x0000000002435410 sp=0x000000000a0aea40
Event: 2.921 Thread 0x0000000009bc2800 DEOPT UNPACKING pc=0x00000000023d9064 sp=0x000000000a0ae9d8 mode 2
Event: 3.008 Thread 0x0000000009ca1800 Uncommon trap: trap_request=0xffffffad fr.pc=0x000000000242f784
Event: 3.009 Thread 0x0000000009ca1800 DEOPT PACKING pc=0x000000000242f784 sp=0x000000000a4aec70
Event: 3.009 Thread 0x0000000009ca1800 DEOPT UNPACKING pc=0x00000000023d9064 sp=0x000000000a4aec10 mode 2


Dynamic libraries:
0x00007ff6ccb10000 - 0x00007ff6ccb43000 	C:\Program Files\Java\jdk1.7.0_51\bin\java.exe
0x00007ffde5d50000 - 0x00007ffde5f11000 	C:\WINDOWS\SYSTEM32\ntdll.dll
0x00007ffde33f0000 - 0x00007ffde349d000 	C:\WINDOWS\system32\KERNEL32.DLL
0x00007ffde27d0000 - 0x00007ffde29b8000 	C:\WINDOWS\system32\KERNELBASE.dll
0x00007ffde5b20000 - 0x00007ffde5bc7000 	C:\WINDOWS\system32\ADVAPI32.dll
0x00007ffde5a80000 - 0x00007ffde5b1d000 	C:\WINDOWS\system32\msvcrt.dll
0x00007ffde5990000 - 0x00007ffde59eb000 	C:\WINDOWS\system32\sechost.dll
0x00007ffde57c0000 - 0x00007ffde58dc000 	C:\WINDOWS\system32\RPCRT4.dll
0x00007ffde3150000 - 0x00007ffde32a6000 	C:\WINDOWS\system32\USER32.dll
0x00007ffde52e0000 - 0x00007ffde5466000 	C:\WINDOWS\system32\GDI32.dll
0x00007ffdd8a20000 - 0x00007ffdd8c94000 	C:\WINDOWS\WinSxS\amd64_microsoft.windows.common-controls_6595b64144ccf1df_6.0.10586.0_none_8c15ae12515e1c22\COMCTL32.dll
0x00007ffde5470000 - 0x00007ffde56ed000 	C:\WINDOWS\system32\combase.dll
0x00007ffde24c0000 - 0x00007ffde252a000 	C:\WINDOWS\system32\bcryptPrimitives.dll
0x00007ffde52a0000 - 0x00007ffde52db000 	C:\WINDOWS\system32\IMM32.DLL
0x0000000053ee0000 - 0x0000000053fb2000 	C:\Program Files\Java\jdk1.7.0_51\jre\bin\msvcr100.dll
0x0000000051cf0000 - 0x00000000524b9000 	C:\Program Files\Java\jdk1.7.0_51\jre\bin\server\jvm.dll
0x00007ffde32b0000 - 0x00007ffde32b8000 	C:\WINDOWS\system32\PSAPI.DLL
0x00007ffdd6b10000 - 0x00007ffdd6b19000 	C:\WINDOWS\SYSTEM32\WSOCK32.dll
0x00007ffde07a0000 - 0x00007ffde07c3000 	C:\WINDOWS\SYSTEM32\WINMM.dll
0x00007ffde5a10000 - 0x00007ffde5a7b000 	C:\WINDOWS\system32\WS2_32.dll
0x00007ffde0650000 - 0x00007ffde067c000 	C:\WINDOWS\SYSTEM32\WINMMBASE.dll
0x00007ffde2a20000 - 0x00007ffde2a63000 	C:\WINDOWS\system32\cfgmgr32.dll
0x0000000053ed0000 - 0x0000000053edf000 	C:\Program Files\Java\jdk1.7.0_51\jre\bin\verify.dll
0x0000000053ea0000 - 0x0000000053ec8000 	C:\Program Files\Java\jdk1.7.0_51\jre\bin\java.dll
0x0000000053e80000 - 0x0000000053e95000 	C:\Program Files\Java\jdk1.7.0_51\jre\bin\zip.dll
0x0000000053e60000 - 0x0000000053e79000 	C:\Program Files\Java\jdk1.7.0_51\jre\bin\net.dll
0x00007ffde1c40000 - 0x00007ffde1c9c000 	C:\WINDOWS\system32\mswsock.dll
0x0000000053e40000 - 0x0000000053e51000 	C:\Program Files\Java\jdk1.7.0_51\jre\bin\nio.dll

VM Arguments:
jvm_args: -Xmx1024M -Dfile.encoding=windows-1250 -Duser.country=PL -Duser.language=pl -Duser.variant 
java_command: com.android.dx.command.Main --dex --num-threads=4 --output C:\Users\pacio_000\Desktop\PicSwapper2\app\build\intermediates\pre-dexed\debug\jackson-core-2.8.0.rc1-9437ac771118d0a85dec74c61701fccd0c715c85.jar C:\Users\pacio_000\.gradle\caches\modules-2\files-2.1\com.fasterxml.jackson.core\jackson-core\2.8.0.rc1\166370145f117d822654cc545e8e8b2ea1436b35\jackson-core-2.8.0.rc1.jar
Launcher Type: SUN_STANDARD

Environment Variables:
PATH=C:\ProgramData\Oracle\Java\javapath;C:\WINDOWS\system32;C:\WINDOWS;C:\WINDOWS\System32\Wbem;C:\WINDOWS\System32\WindowsPowerShell\v1.0\;C:\Program Files (x86)\ATI Technologies\ATI.ACE\Core-Static;C:\Program Files\Java\jdk1.7.0_51\bin;C:\WINDOWS\system32;C:\WINDOWS;C:\WINDOWS\System32\Wbem;C:\WINDOWS\System32\WindowsPowerShell\v1.0\;C:\Program Files (x86)\Windows Kits\8.1\Windows Performance Toolkit\;C:\Program Files\Microsoft DNX\Dnvm\;C:\Program Files\Microsoft SQL Server\Client SDK\ODBC\110\Tools\Binn\;C:\Program Files (x86)\Microsoft SQL Server\120\Tools\Binn\ManagementStudio\;C:\Program Files (x86)\Microsoft SQL Server\120\Tools\Binn\;C:\Program Files\Microsoft SQL Server\120\Tools\Binn\;C:\Program Files (x86)\Microsoft SQL Server\120\DTS\Binn\;C:\Program Files\Microsoft SQL Server\120\DTS\Binn\;C:\Program Files\Microsoft SQL Server\130\Tools\Binn\;C:\Users\pacio_000\AppData\Local\Android\android-sdk\platform-tools
USERNAME=pacio_000
OS=Windows_NT
PROCESSOR_IDENTIFIER=AMD64 Family 22 Model 0 Stepping 1, AuthenticAMD



---------------  S Y S T E M  ---------------

OS: Windows 8 , 64 bit Build 9200 

CPU:total 4 (4 cores per cpu, 1 threads per core) family 22 model 0 stepping 1, cmov, cx8, fxsr, mmx, sse, sse2, sse3, ssse3, sse4.1, sse4.2, popcnt, avx, aes, mmxext, 3dnowpref, lzcnt, sse4a, tsc, tscinvbit, tscinv

Memory: 4k page, physical 3611584k(511060k free), swap 7148772k(6356k free)

vm_info: Java HotSpot(TM) 64-Bit Server VM (24.51-b03) for windows-amd64 JRE (1.7.0_51-b13), built on Dec 18 2013 18:40:56 by "java_re" with unknown MS VC++:1600

time: Thu Jun 16 15:24:50 2016
elapsed time: 3 seconds

